-------------------------------------------------------------------------------
Test set: CalculatorTest
-------------------------------------------------------------------------------
Tests run: 4, Failures: 1, Errors: 0, Skipped: 0, Time elapsed: 0.147 s <<< FAILURE! - in CalculatorTest
testDivision  Time elapsed: 0.028 s  <<< FAILURE!
org.opentest4j.AssertionFailedError: expected: <6.67> but was: <6.666666666666667>
	at CalculatorTest.testDivision(CalculatorTest.java:24)

