<?xml version="1.0" encoding="UTF-8"?>
<testsuite xmlns:xsi="http://www.w3.org/2001/XMLSchema-instance" xsi:noNamespaceSchemaLocation="https://maven.apache.org/surefire/maven-surefire-plugin/xsd/surefire-test-report.xsd" name="InputValidatorTest" time="0.124" tests="9" errors="0" skipped="0" failures="1">
  <properties>
[...]
</properties>
  <testcase name="testInvalidIntegerInput" classname="InputValidatorTest" time="0.063"/>
  <testcase name="testValidIntegerInput" classname="InputValidatorTest" time="0.004"/>
  <testcase name="testInvalidDivisionByZero" classname="InputValidatorTest" time="0.011"/>
  <testcase name="testInvalidOperatorColon" classname="InputValidatorTest" time="0.002"/>
  <testcase name="testNumberInRange" classname="InputValidatorTest" time="0.007"/>
  <testcase name="testNumberOutOfRangePositive" classname="InputValidatorTest" time="0.001"/>
  <testcase name="testNumberOutOfRangeNegative" classname="InputValidatorTest" time="0.001"/>
  <testcase name="testValidOperatorDivision" classname="InputValidatorTest" time="0.002"/>
  <testcase name="testValidDivisionNonZeroDivisor" classname="InputValidatorTest" time="0.011">
    <failure message="Expected result: true, but was: false for divisor: 5 with operator: &apos;/&apos; (should be a valid division). ==&gt; expected: &lt;true&gt; but was: &lt;false&gt;" type="org.opentest4j.AssertionFailedError"><![CDATA[org.opentest4j.AssertionFailedError: Expected result: true, but was: false for divisor: 5 with operator: '/' (should be a valid division). ==> expected: <true> but was: <false>
	at InputValidatorTest.testValidDivisionNonZeroDivisor(InputValidatorTest.java:88)
]]></failure>
  </testcase>
</testsuite>