<?xml version="1.0" encoding="UTF-8"?>
<testsuite xmlns:xsi="http://www.w3.org/2001/XMLSchema-instance" xsi:noNamespaceSchemaLocation="https://maven.apache.org/surefire/maven-surefire-plugin/xsd/surefire-test-report.xsd" name="MainAppTesting" time="0.116" tests="7" errors="0" skipped="0" failures="0">
  <properties>
[...]
</properties>
  <testcase name="testCaseWithInvalidNumberInput" classname="MainAppTesting" time="0.064"/>
  <testcase name="testCaseWithNumberOutOfRange" classname="MainAppTesting" time="0"/>
  <testcase name="testCaseWithInvalidOperator" classname="MainAppTesting" time="0.002"/>
  <testcase name="testCaseWithLiteralOperator" classname="MainAppTesting" time="0.002"/>
  <testcase name="testCaseWithOutOfRangeInput" classname="MainAppTesting" time="0.002"/>
  <testcase name="testCaseWithInvalidFirstInput" classname="MainAppTesting" time="0.002"/>
  <testcase name="testCaseContinuesToProcessOperation" classname="MainAppTesting" time="0.01"/>
</testsuite>